<?xml version="1.0" encoding="utf-8"?><testsuites name="pytest tests"><testsuite name="pytest" errors="0" failures="0" skipped="0" tests="9" time="2.395" timestamp="2026-07-21T22:56:40.920658+00:00" hostname="agent-env-2cacf556-d107-4a5e-a493-38e75b5cc18b"><testcase classname="tests.test_auth" name="test_session_missing_header_returns_400" time="0.244" /><testcase classname="tests.test_auth" name="test_session_invalid_session_id_returns_401" time="0.348" /><testcase classname="tests.test_auth" name="test_me_without_auth_returns_401" time="0.202" /><testcase classname="tests.test_auth" name="test_me_with_bearer_token_returns_user" time="0.189" /><testcase classname="tests.test_auth" name="test_me_with_cookie_returns_user" time="0.127" /><testcase classname="tests.test_auth" name="test_me_with_expired_session_returns_401" time="0.133" /><testcase classname="tests.test_auth" name="test_me_with_bogus_token_returns_401" time="0.106" /><testcase classname="tests.test_auth" name="test_logout_deletes_session" time="0.290" /><testcase classname="tests.test_auth" name="test_logout_without_cookie_still_ok" time="0.120" /></testsuite></testsuites>